20230327	09:02:47	7454c4e4-d60e-4bfd-adfc-0bc199f119e4	GET	/	undefined
20230327	09:02:47	7693a3e3-888d-4821-8fe9-55896b3c9f7c	GET	/favicon.ico	undefined
20230327	09:04:27	4843b4c7-3ad7-4555-8c84-98e1134852ed	GET	/	undefined
20230327	09:04:38	e19dd6af-6d51-4b4f-93f0-a3aabda26932	GET	/	undefined
20230327	09:06:04	a59b53cb-2425-485d-8e88-96db1d0a6a72	GET	/	undefined
20230327	09:06:04	b775ae88-0d6b-492f-a9bd-dba7d77de2f1	GET	/style/style.css	undefined
20230327	09:06:10	e92a13e4-1bb3-46c8-83b1-a69f10b1b7b0	GET	/dzqdqz	undefined
20230327	09:06:10	6a397dc5-7f26-4967-9073-1bfa49814970	GET	/style/style.css	undefined
20230327	09:06:50	f9e91d46-27e1-416d-8f63-e871b2f712b9	GET	/dzqdqz	undefined
20230327	09:06:50	4ce2b2c5-a9de-4996-95d2-e61ae61860f6	GET	/style/style.css	undefined
20230327	09:06:52	bf955c6e-5815-4d4d-9459-8c8aece9120c	GET	/dzqdqz	undefined
20230327	09:06:52	1833dee1-0ac1-4133-b400-3885ae3e1438	GET	/style/style.css	undefined
20230327	09:06:54	c720159a-fdbd-47bd-87e2-e883fde70a34	GET	/	undefined
20230327	09:06:54	ebb80fb3-fc90-4dab-8122-776d7aa65d71	GET	/style/style.css	undefined
20230327	09:19:05	88532885-41fe-4db3-a03c-f52014dabf35	GET	/	undefined
20230327	09:19:05	c07e2592-5243-4594-82b1-de05b8337324	GET	/style/style.css	undefined
20230327	09:19:22	70a2c321-5d5c-47aa-a4ed-d52a9c55b2a6	GET	/	undefined
20230327	09:19:22	c75c1f6f-2ba5-48b3-aa5e-eb6cc50c332e	GET	/style/style.css	undefined
20230327	09:19:37	1fb57974-b24f-43d5-9031-65e595200d65	GET	/	undefined
20230327	09:19:37	e2cd3ab1-0273-4f30-b823-61689f14b418	GET	/style/style.css	undefined
20230327	09:19:37	9796128c-07c8-4b3e-8b1a-b9e641e3b9bd	GET	/favicon.ico	undefined
20230327	09:20:22	48953da7-488b-47ad-b665-78e75ecae93b	GET	/	undefined
20230327	09:20:22	f32ba7a9-a4ed-45b2-b870-bcc8b9bf1b0c	GET	/style/style.css	undefined
20230327	09:20:35	c9e3e3e4-0e70-4988-8d53-4584194240b6	GET	/	undefined
20230327	09:20:35	dc6be2e8-3e60-45a4-89a0-6bbb80e09e05	GET	/style/style.css	undefined
20230327	09:21:01	35c11e5a-1f6a-49b9-95a9-72abe52fd2be	GET	/	undefined
20230327	09:21:01	a78781eb-cbbe-492d-97fd-16d1dbbf71ed	GET	/style/style.css	undefined
20230327	09:21:02	31945057-13c4-4cd3-a1a3-60507c626678	GET	/	undefined
20230327	09:21:02	a5e06ff9-1ba3-4c5d-91c8-be853c17a404	GET	/style/style.css	undefined
20230327	09:21:06	7975adc5-322e-4bb2-a8c0-91c7df3f4691	GET	/	undefined
20230327	09:21:06	89ce510e-067c-4179-b2fc-6b1d02edab33	GET	/style/style.css	undefined
20230327	09:21:07	419dd976-faac-4da7-86c2-af0396dfb836	GET	/	undefined
20230327	09:21:07	1e10fcbb-19c6-49ea-b36d-9d9fe63b223e	GET	/style/style.css	undefined
20230327	09:22:05	a42b0b2d-8af9-4d5f-b651-1d0d05a02aee	GET	/	undefined
20230327	09:22:05	8525e2d0-c969-419e-9759-68003eb75059	GET	/style/style.css	undefined
20230327	09:22:29	eace93d7-6ec2-4d71-a8f2-eff75b8ef459	GET	/	undefined
20230327	09:22:29	0c9deea9-85b8-4a84-9d7c-f08e1560957e	GET	/style.css	undefined
20230327	09:22:39	79fa61de-9562-4b77-a332-5489ee7cad40	GET	/djzkqdnhzq	undefined
20230327	09:22:39	d12836ea-387c-4a44-9959-a440f064a963	GET	/style.css	undefined
